<?xml version="1.0" encoding="UTF-8"?>
<testng-results skipped="0" failed="0" ignored="0" total="1" passed="1">
  <reporter-output>
  </reporter-output>
  <suite name="Default suite" duration-ms="14205" started-at="2019-05-23T14:23:06Z" finished-at="2019-05-23T14:23:20Z">
    <groups>
    </groups>
    <test name="Default test" duration-ms="14205" started-at="2019-05-23T14:23:06Z" finished-at="2019-05-23T14:23:20Z">
      <class name="tests_demoOpenCart.Test_Registration">
        <test-method status="PASS" signature="beforeTest()[pri:0, instance:tests_demoOpenCart.Test_Registration@4686afc2]" name="beforeTest" is-config="true" duration-ms="7909" started-at="2019-05-23T14:23:06Z" finished-at="2019-05-23T14:23:14Z">
          <reporter-output>
          </reporter-output>
        </test-method> <!-- beforeTest -->
        <test-method status="PASS" signature="registration_Poisitive()[pri:0, instance:tests_demoOpenCart.Test_Registration@4686afc2]" name="registration_Poisitive" duration-ms="3179" started-at="2019-05-23T14:23:14Z" finished-at="2019-05-23T14:23:17Z">
          <reporter-output>
          </reporter-output>
        </test-method> <!-- registration_Poisitive -->
        <test-method status="PASS" signature="afterTest()[pri:0, instance:tests_demoOpenCart.Test_Registration@4686afc2]" name="afterTest" is-config="true" duration-ms="3001" started-at="2019-05-23T14:23:17Z" finished-at="2019-05-23T14:23:20Z">
          <reporter-output>
          </reporter-output>
        </test-method> <!-- afterTest -->
      </class> <!-- tests_demoOpenCart.Test_Registration -->
    </test> <!-- Default test -->
  </suite> <!-- Default suite -->
</testng-results>
